<?xml version="1.0" encoding="UTF-8"?>
<!-- Generated by org.testng.reporters.JUnitReportReporter -->
<testsuite hostname="Akeem" failures="0" tests="11" name="flip_kart_tc.tc1" time="93.331" errors="0" timestamp="2023-05-19T20:38:22 CDT" skipped="0">
  <testcase classname="flip_kart_tc.tc1" name="browserOpen" time="4.720"/>
  <system-out/>
  <testcase classname="flip_kart_tc.tc1" name="urlOpen" time="12.403"/>
  <system-out/>
  <testcase classname="flip_kart_tc.tc1" name="clickCancel" time="0.163"/>
  <system-out/>
  <testcase classname="flip_kart_tc.tc1" name="flipkart" time="17.844"/>
  <system-out/>
  <testcase classname="flip_kart_tc.tc1" name="moveSlide" time="10.558"/>
  <system-out/>
  <testcase classname="flip_kart_tc.tc1" name="clickSearch" time="10.547"/>
  <system-out/>
  <testcase classname="flip_kart_tc.tc1" name="newTab" time="5.268"/>
  <system-out/>
  <testcase classname="flip_kart_tc.tc1" name="verifyPrice" time="0.059"/>
  <system-out/>
  <testcase classname="flip_kart_tc.tc1" name="keyboardEvent" time="26.056"/>
  <system-out/>
  <testcase classname="flip_kart_tc.tc1" name="cart" time="0.108"/>
  <system-out/>
  <testcase classname="flip_kart_tc.tc1" name="closeBrowser" time="5.605"/>
  <system-out/>
</testsuite> <!-- flip_kart_tc.tc1 -->
