<?xml version="1.0" encoding="UTF-8"?>
<!-- Generated by org.testng.reporters.JUnitReportReporter -->
<testsuite hostname="Akeem" failures="0" tests="2" name="testCase.facebook_Test" time="18.401" errors="0" timestamp="2023-05-10T18:36:58 CDT" skipped="0">
  <testcase classname="testCase.facebook_Test" name="fillDetails2" time="9.917"/>
  <system-out/>
  <testcase classname="testCase.facebook_Test" name="fillDetails" time="8.484"/>
  <system-out/>
</testsuite> <!-- testCase.facebook_Test -->
