<?xml version="1.0" encoding="UTF-8"?>
<!-- Generated by org.testng.reporters.JUnitReportReporter -->
<testsuite hostname="Akeem" failures="0" tests="11" name="flip_kart_tc.flip_kart_Test" time="86.863" errors="0" timestamp="2023-05-29T18:25:47 CDT" skipped="0">
  <testcase classname="flip_kart_tc.flip_kart_Test" name="browserOpen" time="1.479"/>
  <system-out/>
  <testcase classname="flip_kart_tc.flip_kart_Test" name="urlOpen" time="9.440"/>
  <system-out/>
  <testcase classname="flip_kart_tc.flip_kart_Test" name="clickCancel" time="0.152"/>
  <system-out/>
  <testcase classname="flip_kart_tc.flip_kart_Test" name="flipkart" time="17.872"/>
  <system-out/>
  <testcase classname="flip_kart_tc.flip_kart_Test" name="moveSlide" time="10.513"/>
  <system-out/>
  <testcase classname="flip_kart_tc.flip_kart_Test" name="clickSearch" time="10.515"/>
  <system-out/>
  <testcase classname="flip_kart_tc.flip_kart_Test" name="newTab" time="5.052"/>
  <system-out/>
  <testcase classname="flip_kart_tc.flip_kart_Test" name="verifyPrice" time="0.071"/>
  <system-out/>
  <testcase classname="flip_kart_tc.flip_kart_Test" name="keyboardEvent" time="26.119"/>
  <system-out/>
  <testcase classname="flip_kart_tc.flip_kart_Test" name="cart" time="0.142"/>
  <system-out/>
  <testcase classname="flip_kart_tc.flip_kart_Test" name="closeBrowser" time="5.508"/>
  <system-out/>
</testsuite> <!-- flip_kart_tc.flip_kart_Test -->
