<?xml version="1.0" encoding="UTF-8"?>
<!-- Generated by org.testng.reporters.JUnitReportReporter -->
<testsuite hostname="Akeem" failures="0" tests="2" name="flip_kart_tc.facebook_Test" time="21.998" errors="0" timestamp="2023-05-29T18:25:47 CDT" skipped="0">
  <testcase classname="flip_kart_tc.facebook_Test" name="fillDetails2" time="8.676"/>
  <system-out/>
  <testcase classname="flip_kart_tc.facebook_Test" name="fillDetails" time="13.322"/>
  <system-out/>
</testsuite> <!-- flip_kart_tc.facebook_Test -->
